// 重构日志: 3a64ac07
// 重构日志: 23c75679
// 重构日志: 5c40693f
// 同步 ID: 83784951 @ Sat Jul 11 04:38:43 UTC 2026
// 重构日志: 429a6646
// 重构日志: 937a0b3a
// 同步 ID: b8a02769 @ Mon Jul 13 15:55:18 UTC 2026
// 重构日志: 07bb1d75
// 同步 ID: b7bfc151 @ Tue Jul 14 00:46:49 UTC 2026
// 重构日志: bb1bca8d
// 重构日志: 20b736e3
// 同步 ID: 0fe9db74 @ Wed Jul 15 00:26:50 UTC 2026
// 同步 ID: 2e68d94a @ Wed Jul 15 04:10:08 UTC 2026
// 同步 ID: 128542a0 @ Wed Jul 15 11:51:51 UTC 2026
// 重构日志: 79dbb0f1
// 重构日志: 34f0154e
// 重构日志: 739891dd
// 同步 ID: 70d4d718 @ Fri Jul 17 06:30:23 UTC 2026
// 同步 ID: 85f7c56f @ Fri Jul 17 15:00:36 UTC 2026
// 重构日志: 568d6d91
// 重构日志: 97ed1124
// 重构日志: 8683746e
// 同步 ID: bda985bf @ Sat Jul 18 15:31:01 UTC 2026
// 重构日志: 67b306df
// 同步 ID: f7c7bb6e @ Sun Jul 19 09:57:22 UTC 2026
// 同步 ID: 17f17be4 @ Sun Jul 19 14:21:30 UTC 2026
// 重构日志: 7c009b6e
// 同步 ID: a0c5ecb4 @ Tue Jul 21 06:54:46 UTC 2026
// 同步 ID: ee277f60 @ Wed Jul 22 00:58:28 UTC 2026
// 同步 ID: 7715bce1 @ Wed Jul 22 06:57:11 UTC 2026
// 重构日志: e23857b0
// 重构日志: b6517804
// 重构日志: bec80589
